[2022-08-28 15:35:35,403] INFO Registered kafka:type=kafka.Log4jController MBean (kafka.utils.Log4jControllerRegistration$)
[2022-08-28 15:35:35,628] INFO Setting -D jdk.tls.rejectClientInitiatedRenegotiation=true to disable client-initiated TLS renegotiation (org.apache.zookeeper.common.X509Util)
[2022-08-28 15:35:35,668] INFO Registered signal handlers for TERM, INT, HUP (org.apache.kafka.common.utils.LoggingSignalHandler)
[2022-08-28 15:35:35,669] INFO starting (kafka.server.KafkaServer)
[2022-08-28 15:35:35,669] INFO Connecting to zookeeper on localhost:2181 (kafka.server.KafkaServer)
[2022-08-28 15:35:35,675] INFO [ZooKeeperClient Kafka server] Initializing a new session to localhost:2181. (kafka.zookeeper.ZooKeeperClient)
[2022-08-28 15:35:35,679] INFO Client environment:zookeeper.version=3.6.3--6401e4ad2087061bc6b9f80dec2d69f2e3c8660a, built on 04/08/2021 16:35 GMT (org.apache.zookeeper.ZooKeeper)
[2022-08-28 15:35:35,679] INFO Client environment:host.name=localhost (org.apache.zookeeper.ZooKeeper)
[2022-08-28 15:35:35,679] INFO Client environment:java.version=11.0.15 (org.apache.zookeeper.ZooKeeper)
[2022-08-28 15:35:35,679] INFO Client environment:java.vendor=Azul Systems, Inc. (org.apache.zookeeper.ZooKeeper)
[2022-08-28 15:35:35,679] INFO Client environment:java.home=/Library/Java/JavaVirtualMachines/zulu-11.jdk/Contents/Home (org.apache.zookeeper.ZooKeeper)
[2022-08-28 15:35:35,679] INFO Client environment:java.class.path=/Users/chulyun/kafka_2.12-3.2.1/bin/../libs/activation-1.1.1.jar:/Users/chulyun/kafka_2.12-3.2.1/bin/../libs/aopalliance-repackaged-2.6.1.jar:/Users/chulyun/kafka_2.12-3.2.1/bin/../libs/argparse4j-0.7.0.jar:/Users/chulyun/kafka_2.12-3.2.1/bin/../libs/audience-annotations-0.5.0.jar:/Users/chulyun/kafka_2.12-3.2.1/bin/../libs/commons-cli-1.4.jar:/Users/chulyun/kafka_2.12-3.2.1/bin/../libs/commons-lang3-3.8.1.jar:/Users/chulyun/kafka_2.12-3.2.1/bin/../libs/connect-api-3.2.1.jar:/Users/chulyun/kafka_2.12-3.2.1/bin/../libs/connect-basic-auth-extension-3.2.1.jar:/Users/chulyun/kafka_2.12-3.2.1/bin/../libs/connect-json-3.2.1.jar:/Users/chulyun/kafka_2.12-3.2.1/bin/../libs/connect-mirror-3.2.1.jar:/Users/chulyun/kafka_2.12-3.2.1/bin/../libs/connect-mirror-client-3.2.1.jar:/Users/chulyun/kafka_2.12-3.2.1/bin/../libs/connect-runtime-3.2.1.jar:/Users/chulyun/kafka_2.12-3.2.1/bin/../libs/connect-transforms-3.2.1.jar:/Users/chulyun/kafka_2.12-3.2.1/bin/../libs/hk2-api-2.6.1.jar:/Users/chulyun/kafka_2.12-3.2.1/bin/../libs/hk2-locator-2.6.1.jar:/Users/chulyun/kafka_2.12-3.2.1/bin/../libs/hk2-utils-2.6.1.jar:/Users/chulyun/kafka_2.12-3.2.1/bin/../libs/jackson-annotations-2.12.6.jar:/Users/chulyun/kafka_2.12-3.2.1/bin/../libs/jackson-core-2.12.6.jar:/Users/chulyun/kafka_2.12-3.2.1/bin/../libs/jackson-databind-2.12.6.1.jar:/Users/chulyun/kafka_2.12-3.2.1/bin/../libs/jackson-dataformat-csv-2.12.6.jar:/Users/chulyun/kafka_2.12-3.2.1/bin/../libs/jackson-datatype-jdk8-2.12.6.jar:/Users/chulyun/kafka_2.12-3.2.1/bin/../libs/jackson-jaxrs-base-2.12.6.jar:/Users/chulyun/kafka_2.12-3.2.1/bin/../libs/jackson-jaxrs-json-provider-2.12.6.jar:/Users/chulyun/kafka_2.12-3.2.1/bin/../libs/jackson-module-jaxb-annotations-2.12.6.jar:/Users/chulyun/kafka_2.12-3.2.1/bin/../libs/jackson-module-scala_2.12-2.12.6.jar:/Users/chulyun/kafka_2.12-3.2.1/bin/../libs/jakarta.activation-api-1.2.1.jar:/Users/chulyun/kafka_2.12-3.2.1/bin/../libs/jakarta.annotation-api-1.3.5.jar:/Users/chulyun/kafka_2.12-3.2.1/bin/../libs/jakarta.inject-2.6.1.jar:/Users/chulyun/kafka_2.12-3.2.1/bin/../libs/jakarta.validation-api-2.0.2.jar:/Users/chulyun/kafka_2.12-3.2.1/bin/../libs/jakarta.ws.rs-api-2.1.6.jar:/Users/chulyun/kafka_2.12-3.2.1/bin/../libs/jakarta.xml.bind-api-2.3.2.jar:/Users/chulyun/kafka_2.12-3.2.1/bin/../libs/javassist-3.27.0-GA.jar:/Users/chulyun/kafka_2.12-3.2.1/bin/../libs/javax.servlet-api-3.1.0.jar:/Users/chulyun/kafka_2.12-3.2.1/bin/../libs/javax.ws.rs-api-2.1.1.jar:/Users/chulyun/kafka_2.12-3.2.1/bin/../libs/jaxb-api-2.3.0.jar:/Users/chulyun/kafka_2.12-3.2.1/bin/../libs/jersey-client-2.34.jar:/Users/chulyun/kafka_2.12-3.2.1/bin/../libs/jersey-common-2.34.jar:/Users/chulyun/kafka_2.12-3.2.1/bin/../libs/jersey-container-servlet-2.34.jar:/Users/chulyun/kafka_2.12-3.2.1/bin/../libs/jersey-container-servlet-core-2.34.jar:/Users/chulyun/kafka_2.12-3.2.1/bin/../libs/jersey-hk2-2.34.jar:/Users/chulyun/kafka_2.12-3.2.1/bin/../libs/jersey-server-2.34.jar:/Users/chulyun/kafka_2.12-3.2.1/bin/../libs/jetty-client-9.4.44.v20210927.jar:/Users/chulyun/kafka_2.12-3.2.1/bin/../libs/jetty-continuation-9.4.44.v20210927.jar:/Users/chulyun/kafka_2.12-3.2.1/bin/../libs/jetty-http-9.4.44.v20210927.jar:/Users/chulyun/kafka_2.12-3.2.1/bin/../libs/jetty-io-9.4.44.v20210927.jar:/Users/chulyun/kafka_2.12-3.2.1/bin/../libs/jetty-security-9.4.44.v20210927.jar:/Users/chulyun/kafka_2.12-3.2.1/bin/../libs/jetty-server-9.4.44.v20210927.jar:/Users/chulyun/kafka_2.12-3.2.1/bin/../libs/jetty-servlet-9.4.44.v20210927.jar:/Users/chulyun/kafka_2.12-3.2.1/bin/../libs/jetty-servlets-9.4.44.v20210927.jar:/Users/chulyun/kafka_2.12-3.2.1/bin/../libs/jetty-util-9.4.44.v20210927.jar:/Users/chulyun/kafka_2.12-3.2.1/bin/../libs/jetty-util-ajax-9.4.44.v20210927.jar:/Users/chulyun/kafka_2.12-3.2.1/bin/../libs/jline-3.21.0.jar:/Users/chulyun/kafka_2.12-3.2.1/bin/../libs/jopt-simple-5.0.4.jar:/Users/chulyun/kafka_2.12-3.2.1/bin/../libs/jose4j-0.7.9.jar:/Users/chulyun/kafka_2.12-3.2.1/bin/../libs/kafka-clients-3.2.1.jar:/Users/chulyun/kafka_2.12-3.2.1/bin/../libs/kafka-log4j-appender-3.2.1.jar:/Users/chulyun/kafka_2.12-3.2.1/bin/../libs/kafka-metadata-3.2.1.jar:/Users/chulyun/kafka_2.12-3.2.1/bin/../libs/kafka-raft-3.2.1.jar:/Users/chulyun/kafka_2.12-3.2.1/bin/../libs/kafka-server-common-3.2.1.jar:/Users/chulyun/kafka_2.12-3.2.1/bin/../libs/kafka-shell-3.2.1.jar:/Users/chulyun/kafka_2.12-3.2.1/bin/../libs/kafka-storage-3.2.1.jar:/Users/chulyun/kafka_2.12-3.2.1/bin/../libs/kafka-storage-api-3.2.1.jar:/Users/chulyun/kafka_2.12-3.2.1/bin/../libs/kafka-streams-3.2.1.jar:/Users/chulyun/kafka_2.12-3.2.1/bin/../libs/kafka-streams-examples-3.2.1.jar:/Users/chulyun/kafka_2.12-3.2.1/bin/../libs/kafka-streams-scala_2.12-3.2.1.jar:/Users/chulyun/kafka_2.12-3.2.1/bin/../libs/kafka-streams-test-utils-3.2.1.jar:/Users/chulyun/kafka_2.12-3.2.1/bin/../libs/kafka-tools-3.2.1.jar:/Users/chulyun/kafka_2.12-3.2.1/bin/../libs/kafka_2.12-3.2.1.jar:/Users/chulyun/kafka_2.12-3.2.1/bin/../libs/lz4-java-1.8.0.jar:/Users/chulyun/kafka_2.12-3.2.1/bin/../libs/maven-artifact-3.8.4.jar:/Users/chulyun/kafka_2.12-3.2.1/bin/../libs/metrics-core-2.2.0.jar:/Users/chulyun/kafka_2.12-3.2.1/bin/../libs/metrics-core-4.1.12.1.jar:/Users/chulyun/kafka_2.12-3.2.1/bin/../libs/netty-buffer-4.1.73.Final.jar:/Users/chulyun/kafka_2.12-3.2.1/bin/../libs/netty-codec-4.1.73.Final.jar:/Users/chulyun/kafka_2.12-3.2.1/bin/../libs/netty-common-4.1.73.Final.jar:/Users/chulyun/kafka_2.12-3.2.1/bin/../libs/netty-handler-4.1.73.Final.jar:/Users/chulyun/kafka_2.12-3.2.1/bin/../libs/netty-resolver-4.1.73.Final.jar:/Users/chulyun/kafka_2.12-3.2.1/bin/../libs/netty-tcnative-classes-2.0.46.Final.jar:/Users/chulyun/kafka_2.12-3.2.1/bin/../libs/netty-transport-4.1.73.Final.jar:/Users/chulyun/kafka_2.12-3.2.1/bin/../libs/netty-transport-classes-epoll-4.1.73.Final.jar:/Users/chulyun/kafka_2.12-3.2.1/bin/../libs/netty-transport-native-epoll-4.1.73.Final.jar:/Users/chulyun/kafka_2.12-3.2.1/bin/../libs/netty-transport-native-unix-common-4.1.73.Final.jar:/Users/chulyun/kafka_2.12-3.2.1/bin/../libs/osgi-resource-locator-1.0.3.jar:/Users/chulyun/kafka_2.12-3.2.1/bin/../libs/paranamer-2.8.jar:/Users/chulyun/kafka_2.12-3.2.1/bin/../libs/plexus-utils-3.3.0.jar:/Users/chulyun/kafka_2.12-3.2.1/bin/../libs/reflections-0.9.12.jar:/Users/chulyun/kafka_2.12-3.2.1/bin/../libs/reload4j-1.2.19.jar:/Users/chulyun/kafka_2.12-3.2.1/bin/../libs/rocksdbjni-6.29.4.1.jar:/Users/chulyun/kafka_2.12-3.2.1/bin/../libs/scala-collection-compat_2.12-2.6.0.jar:/Users/chulyun/kafka_2.12-3.2.1/bin/../libs/scala-java8-compat_2.12-1.0.2.jar:/Users/chulyun/kafka_2.12-3.2.1/bin/../libs/scala-library-2.12.15.jar:/Users/chulyun/kafka_2.12-3.2.1/bin/../libs/scala-logging_2.12-3.9.4.jar:/Users/chulyun/kafka_2.12-3.2.1/bin/../libs/scala-reflect-2.12.15.jar:/Users/chulyun/kafka_2.12-3.2.1/bin/../libs/slf4j-api-1.7.36.jar:/Users/chulyun/kafka_2.12-3.2.1/bin/../libs/slf4j-reload4j-1.7.36.jar:/Users/chulyun/kafka_2.12-3.2.1/bin/../libs/snappy-java-1.1.8.4.jar:/Users/chulyun/kafka_2.12-3.2.1/bin/../libs/trogdor-3.2.1.jar:/Users/chulyun/kafka_2.12-3.2.1/bin/../libs/zookeeper-3.6.3.jar:/Users/chulyun/kafka_2.12-3.2.1/bin/../libs/zookeeper-jute-3.6.3.jar:/Users/chulyun/kafka_2.12-3.2.1/bin/../libs/zstd-jni-1.5.2-1.jar (org.apache.zookeeper.ZooKeeper)
[2022-08-28 15:35:35,679] INFO Client environment:java.library.path=/Users/chulyun/Library/Java/Extensions:/Library/Java/Extensions:/Network/Library/Java/Extensions:/System/Library/Java/Extensions:/usr/lib/java:. (org.apache.zookeeper.ZooKeeper)
[2022-08-28 15:35:35,679] INFO Client environment:java.io.tmpdir=/var/folders/cw/yh33m5k96779knvcly5tw919llt0cf/T/ (org.apache.zookeeper.ZooKeeper)
[2022-08-28 15:35:35,679] INFO Client environment:java.compiler=<NA> (org.apache.zookeeper.ZooKeeper)
[2022-08-28 15:35:35,679] INFO Client environment:os.name=Mac OS X (org.apache.zookeeper.ZooKeeper)
[2022-08-28 15:35:35,679] INFO Client environment:os.arch=aarch64 (org.apache.zookeeper.ZooKeeper)
[2022-08-28 15:35:35,679] INFO Client environment:os.version=12.1 (org.apache.zookeeper.ZooKeeper)
[2022-08-28 15:35:35,679] INFO Client environment:user.name=chulyun (org.apache.zookeeper.ZooKeeper)
[2022-08-28 15:35:35,679] INFO Client environment:user.home=/Users/chulyun (org.apache.zookeeper.ZooKeeper)
[2022-08-28 15:35:35,679] INFO Client environment:user.dir=/Users/chulyun/kafka_2.12-3.2.1 (org.apache.zookeeper.ZooKeeper)
[2022-08-28 15:35:35,679] INFO Client environment:os.memory.free=1011MB (org.apache.zookeeper.ZooKeeper)
[2022-08-28 15:35:35,679] INFO Client environment:os.memory.max=1024MB (org.apache.zookeeper.ZooKeeper)
[2022-08-28 15:35:35,679] INFO Client environment:os.memory.total=1024MB (org.apache.zookeeper.ZooKeeper)
[2022-08-28 15:35:35,680] INFO Initiating client connection, connectString=localhost:2181 sessionTimeout=18000 watcher=kafka.zookeeper.ZooKeeperClient$ZooKeeperClientWatcher$@7216fb24 (org.apache.zookeeper.ZooKeeper)
[2022-08-28 15:35:35,683] INFO jute.maxbuffer value is 4194304 Bytes (org.apache.zookeeper.ClientCnxnSocket)
[2022-08-28 15:35:35,686] INFO zookeeper.request.timeout value is 0. feature enabled=false (org.apache.zookeeper.ClientCnxn)
[2022-08-28 15:35:35,687] INFO [ZooKeeperClient Kafka server] Waiting until connected. (kafka.zookeeper.ZooKeeperClient)
[2022-08-28 15:35:35,688] INFO Opening socket connection to server localhost/127.0.0.1:2181. (org.apache.zookeeper.ClientCnxn)
[2022-08-28 15:35:35,694] INFO Socket connection established, initiating session, client: /127.0.0.1:60547, server: localhost/127.0.0.1:2181 (org.apache.zookeeper.ClientCnxn)
[2022-08-28 15:35:35,725] INFO Session establishment complete on server localhost/127.0.0.1:2181, session id = 0x10000908a350000, negotiated timeout = 18000 (org.apache.zookeeper.ClientCnxn)
[2022-08-28 15:35:35,727] INFO [ZooKeeperClient Kafka server] Connected. (kafka.zookeeper.ZooKeeperClient)
[2022-08-28 15:35:36,210] INFO [feature-zk-node-event-process-thread]: Starting (kafka.server.FinalizedFeatureChangeListener$ChangeNotificationProcessorThread)
[2022-08-28 15:35:36,223] INFO Feature ZK node at path: /feature does not exist (kafka.server.FinalizedFeatureChangeListener)
[2022-08-28 15:35:36,223] INFO Cleared cache (kafka.server.FinalizedFeatureCache)
[2022-08-28 15:35:36,380] INFO Cluster ID = ccsRBjUqT7mgFA-316XyHQ (kafka.server.KafkaServer)
[2022-08-28 15:35:36,382] WARN No meta.properties file under dir /tmp/kafka-logs/meta.properties (kafka.server.BrokerMetadataCheckpoint)
[2022-08-28 15:35:36,430] INFO KafkaConfig values: 
	advertised.listeners = null
	alter.config.policy.class.name = null
	alter.log.dirs.replication.quota.window.num = 11
	alter.log.dirs.replication.quota.window.size.seconds = 1
	authorizer.class.name = 
	auto.create.topics.enable = true
	auto.leader.rebalance.enable = true
	background.threads = 10
	broker.heartbeat.interval.ms = 2000
	broker.id = 0
	broker.id.generation.enable = true
	broker.rack = null
	broker.session.timeout.ms = 9000
	client.quota.callback.class = null
	compression.type = producer
	connection.failed.authentication.delay.ms = 100
	connections.max.idle.ms = 600000
	connections.max.reauth.ms = 0
	control.plane.listener.name = null
	controlled.shutdown.enable = true
	controlled.shutdown.max.retries = 3
	controlled.shutdown.retry.backoff.ms = 5000
	controller.listener.names = null
	controller.quorum.append.linger.ms = 25
	controller.quorum.election.backoff.max.ms = 1000
	controller.quorum.election.timeout.ms = 1000
	controller.quorum.fetch.timeout.ms = 2000
	controller.quorum.request.timeout.ms = 2000
	controller.quorum.retry.backoff.ms = 20
	controller.quorum.voters = []
	controller.quota.window.num = 11
	controller.quota.window.size.seconds = 1
	controller.socket.timeout.ms = 30000
	create.topic.policy.class.name = null
	default.replication.factor = 1
	delegation.token.expiry.check.interval.ms = 3600000
	delegation.token.expiry.time.ms = 86400000
	delegation.token.master.key = null
	delegation.token.max.lifetime.ms = 604800000
	delegation.token.secret.key = null
	delete.records.purgatory.purge.interval.requests = 1
	delete.topic.enable = true
	fetch.max.bytes = 57671680
	fetch.purgatory.purge.interval.requests = 1000
	group.initial.rebalance.delay.ms = 0
	group.max.session.timeout.ms = 1800000
	group.max.size = 2147483647
	group.min.session.timeout.ms = 6000
	initial.broker.registration.timeout.ms = 60000
	inter.broker.listener.name = null
	inter.broker.protocol.version = 3.2-IV0
	kafka.metrics.polling.interval.secs = 10
	kafka.metrics.reporters = []
	leader.imbalance.check.interval.seconds = 300
	leader.imbalance.per.broker.percentage = 10
	listener.security.protocol.map = PLAINTEXT:PLAINTEXT,SSL:SSL,SASL_PLAINTEXT:SASL_PLAINTEXT,SASL_SSL:SASL_SSL
	listeners = PLAINTEXT://:9092
	log.cleaner.backoff.ms = 15000
	log.cleaner.dedupe.buffer.size = 134217728
	log.cleaner.delete.retention.ms = 86400000
	log.cleaner.enable = true
	log.cleaner.io.buffer.load.factor = 0.9
	log.cleaner.io.buffer.size = 524288
	log.cleaner.io.max.bytes.per.second = 1.7976931348623157E308
	log.cleaner.max.compaction.lag.ms = 9223372036854775807
	log.cleaner.min.cleanable.ratio = 0.5
	log.cleaner.min.compaction.lag.ms = 0
	log.cleaner.threads = 1
	log.cleanup.policy = [delete]
	log.dir = /tmp/kafka-logs
	log.dirs = /tmp/kafka-logs
	log.flush.interval.messages = 9223372036854775807
	log.flush.interval.ms = null
	log.flush.offset.checkpoint.interval.ms = 60000
	log.flush.scheduler.interval.ms = 9223372036854775807
	log.flush.start.offset.checkpoint.interval.ms = 60000
	log.index.interval.bytes = 4096
	log.index.size.max.bytes = 10485760
	log.message.downconversion.enable = true
	log.message.format.version = 3.0-IV1
	log.message.timestamp.difference.max.ms = 9223372036854775807
	log.message.timestamp.type = CreateTime
	log.preallocate = false
	log.retention.bytes = -1
	log.retention.check.interval.ms = 300000
	log.retention.hours = 168
	log.retention.minutes = null
	log.retention.ms = null
	log.roll.hours = 168
	log.roll.jitter.hours = 0
	log.roll.jitter.ms = null
	log.roll.ms = null
	log.segment.bytes = 1073741824
	log.segment.delete.delay.ms = 60000
	max.connection.creation.rate = 2147483647
	max.connections = 2147483647
	max.connections.per.ip = 2147483647
	max.connections.per.ip.overrides = 
	max.incremental.fetch.session.cache.slots = 1000
	message.max.bytes = 1048588
	metadata.log.dir = null
	metadata.log.max.record.bytes.between.snapshots = 20971520
	metadata.log.segment.bytes = 1073741824
	metadata.log.segment.min.bytes = 8388608
	metadata.log.segment.ms = 604800000
	metadata.max.retention.bytes = -1
	metadata.max.retention.ms = 604800000
	metric.reporters = []
	metrics.num.samples = 2
	metrics.recording.level = INFO
	metrics.sample.window.ms = 30000
	min.insync.replicas = 1
	node.id = 0
	num.io.threads = 8
	num.network.threads = 3
	num.partitions = 1
	num.recovery.threads.per.data.dir = 1
	num.replica.alter.log.dirs.threads = null
	num.replica.fetchers = 1
	offset.metadata.max.bytes = 4096
	offsets.commit.required.acks = -1
	offsets.commit.timeout.ms = 5000
	offsets.load.buffer.size = 5242880
	offsets.retention.check.interval.ms = 600000
	offsets.retention.minutes = 10080
	offsets.topic.compression.codec = 0
	offsets.topic.num.partitions = 50
	offsets.topic.replication.factor = 1
	offsets.topic.segment.bytes = 104857600
	password.encoder.cipher.algorithm = AES/CBC/PKCS5Padding
	password.encoder.iterations = 4096
	password.encoder.key.length = 128
	password.encoder.keyfactory.algorithm = null
	password.encoder.old.secret = null
	password.encoder.secret = null
	principal.builder.class = class org.apache.kafka.common.security.authenticator.DefaultKafkaPrincipalBuilder
	process.roles = []
	producer.purgatory.purge.interval.requests = 1000
	queued.max.request.bytes = -1
	queued.max.requests = 500
	quota.window.num = 11
	quota.window.size.seconds = 1
	remote.log.index.file.cache.total.size.bytes = 1073741824
	remote.log.manager.task.interval.ms = 30000
	remote.log.manager.task.retry.backoff.max.ms = 30000
	remote.log.manager.task.retry.backoff.ms = 500
	remote.log.manager.task.retry.jitter = 0.2
	remote.log.manager.thread.pool.size = 10
	remote.log.metadata.manager.class.name = null
	remote.log.metadata.manager.class.path = null
	remote.log.metadata.manager.impl.prefix = null
	remote.log.metadata.manager.listener.name = null
	remote.log.reader.max.pending.tasks = 100
	remote.log.reader.threads = 10
	remote.log.storage.manager.class.name = null
	remote.log.storage.manager.class.path = null
	remote.log.storage.manager.impl.prefix = null
	remote.log.storage.system.enable = false
	replica.fetch.backoff.ms = 1000
	replica.fetch.max.bytes = 1048576
	replica.fetch.min.bytes = 1
	replica.fetch.response.max.bytes = 10485760
	replica.fetch.wait.max.ms = 500
	replica.high.watermark.checkpoint.interval.ms = 5000
	replica.lag.time.max.ms = 30000
	replica.selector.class = null
	replica.socket.receive.buffer.bytes = 65536
	replica.socket.timeout.ms = 30000
	replication.quota.window.num = 11
	replication.quota.window.size.seconds = 1
	request.timeout.ms = 30000
	reserved.broker.max.id = 1000
	sasl.client.callback.handler.class = null
	sasl.enabled.mechanisms = [GSSAPI]
	sasl.jaas.config = null
	sasl.kerberos.kinit.cmd = /usr/bin/kinit
	sasl.kerberos.min.time.before.relogin = 60000
	sasl.kerberos.principal.to.local.rules = [DEFAULT]
	sasl.kerberos.service.name = null
	sasl.kerberos.ticket.renew.jitter = 0.05
	sasl.kerberos.ticket.renew.window.factor = 0.8
	sasl.login.callback.handler.class = null
	sasl.login.class = null
	sasl.login.connect.timeout.ms = null
	sasl.login.read.timeout.ms = null
	sasl.login.refresh.buffer.seconds = 300
	sasl.login.refresh.min.period.seconds = 60
	sasl.login.refresh.window.factor = 0.8
	sasl.login.refresh.window.jitter = 0.05
	sasl.login.retry.backoff.max.ms = 10000
	sasl.login.retry.backoff.ms = 100
	sasl.mechanism.controller.protocol = GSSAPI
	sasl.mechanism.inter.broker.protocol = GSSAPI
	sasl.oauthbearer.clock.skew.seconds = 30
	sasl.oauthbearer.expected.audience = null
	sasl.oauthbearer.expected.issuer = null
	sasl.oauthbearer.jwks.endpoint.refresh.ms = 3600000
	sasl.oauthbearer.jwks.endpoint.retry.backoff.max.ms = 10000
	sasl.oauthbearer.jwks.endpoint.retry.backoff.ms = 100
	sasl.oauthbearer.jwks.endpoint.url = null
	sasl.oauthbearer.scope.claim.name = scope
	sasl.oauthbearer.sub.claim.name = sub
	sasl.oauthbearer.token.endpoint.url = null
	sasl.server.callback.handler.class = null
	security.inter.broker.protocol = PLAINTEXT
	security.providers = null
	socket.connection.setup.timeout.max.ms = 30000
	socket.connection.setup.timeout.ms = 10000
	socket.listen.backlog.size = 50
	socket.receive.buffer.bytes = 102400
	socket.request.max.bytes = 104857600
	socket.send.buffer.bytes = 102400
	ssl.cipher.suites = []
	ssl.client.auth = none
	ssl.enabled.protocols = [TLSv1.2, TLSv1.3]
	ssl.endpoint.identification.algorithm = https
	ssl.engine.factory.class = null
	ssl.key.password = null
	ssl.keymanager.algorithm = SunX509
	ssl.keystore.certificate.chain = null
	ssl.keystore.key = null
	ssl.keystore.location = null
	ssl.keystore.password = null
	ssl.keystore.type = JKS
	ssl.principal.mapping.rules = DEFAULT
	ssl.protocol = TLSv1.3
	ssl.provider = null
	ssl.secure.random.implementation = null
	ssl.trustmanager.algorithm = PKIX
	ssl.truststore.certificates = null
	ssl.truststore.location = null
	ssl.truststore.password = null
	ssl.truststore.type = JKS
	transaction.abort.timed.out.transaction.cleanup.interval.ms = 10000
	transaction.max.timeout.ms = 900000
	transaction.remove.expired.transaction.cleanup.interval.ms = 3600000
	transaction.state.log.load.buffer.size = 5242880
	transaction.state.log.min.isr = 1
	transaction.state.log.num.partitions = 50
	transaction.state.log.replication.factor = 1
	transaction.state.log.segment.bytes = 104857600
	transactional.id.expiration.ms = 604800000
	unclean.leader.election.enable = false
	zookeeper.clientCnxnSocket = null
	zookeeper.connect = localhost:2181
	zookeeper.connection.timeout.ms = 18000
	zookeeper.max.in.flight.requests = 10
	zookeeper.session.timeout.ms = 18000
	zookeeper.set.acl = false
	zookeeper.ssl.cipher.suites = null
	zookeeper.ssl.client.enable = false
	zookeeper.ssl.crl.enable = false
	zookeeper.ssl.enabled.protocols = null
	zookeeper.ssl.endpoint.identification.algorithm = HTTPS
	zookeeper.ssl.keystore.location = null
	zookeeper.ssl.keystore.password = null
	zookeeper.ssl.keystore.type = null
	zookeeper.ssl.ocsp.enable = false
	zookeeper.ssl.protocol = TLSv1.2
	zookeeper.ssl.truststore.location = null
	zookeeper.ssl.truststore.password = null
	zookeeper.ssl.truststore.type = null
 (kafka.server.KafkaConfig)
[2022-08-28 15:35:36,451] INFO [ThrottledChannelReaper-Fetch]: Starting (kafka.server.ClientQuotaManager$ThrottledChannelReaper)
[2022-08-28 15:35:36,452] INFO [ThrottledChannelReaper-Produce]: Starting (kafka.server.ClientQuotaManager$ThrottledChannelReaper)
[2022-08-28 15:35:36,452] INFO [ThrottledChannelReaper-Request]: Starting (kafka.server.ClientQuotaManager$ThrottledChannelReaper)
[2022-08-28 15:35:36,453] INFO [ThrottledChannelReaper-ControllerMutation]: Starting (kafka.server.ClientQuotaManager$ThrottledChannelReaper)
[2022-08-28 15:35:36,461] INFO Log directory /tmp/kafka-logs not found, creating it. (kafka.log.LogManager)
[2022-08-28 15:35:36,494] INFO Loading logs from log dirs ArrayBuffer(/tmp/kafka-logs) (kafka.log.LogManager)
[2022-08-28 15:35:36,495] INFO Attempting recovery for all logs in /tmp/kafka-logs since no clean shutdown file was found (kafka.log.LogManager)
[2022-08-28 15:35:36,501] INFO Loaded 0 logs in 7ms. (kafka.log.LogManager)
[2022-08-28 15:35:36,501] INFO Starting log cleanup with a period of 300000 ms. (kafka.log.LogManager)
[2022-08-28 15:35:36,502] INFO Starting log flusher with a default period of 9223372036854775807 ms. (kafka.log.LogManager)
[2022-08-28 15:35:36,635] INFO [BrokerToControllerChannelManager broker=0 name=forwarding]: Starting (kafka.server.BrokerToControllerRequestThread)
[2022-08-28 15:35:36,725] INFO Updated connection-accept-rate max connection creation rate to 2147483647 (kafka.network.ConnectionQuotas)
[2022-08-28 15:35:36,727] INFO Awaiting socket connections on 0.0.0.0:9092. (kafka.network.DataPlaneAcceptor)
[2022-08-28 15:35:36,738] INFO [SocketServer listenerType=ZK_BROKER, nodeId=0] Created data-plane acceptor and processors for endpoint : ListenerName(PLAINTEXT) (kafka.network.SocketServer)
[2022-08-28 15:35:36,743] INFO [BrokerToControllerChannelManager broker=0 name=alterPartition]: Starting (kafka.server.BrokerToControllerRequestThread)
[2022-08-28 15:35:36,754] INFO [ExpirationReaper-0-Produce]: Starting (kafka.server.DelayedOperationPurgatory$ExpiredOperationReaper)
[2022-08-28 15:35:36,754] INFO [ExpirationReaper-0-Fetch]: Starting (kafka.server.DelayedOperationPurgatory$ExpiredOperationReaper)
[2022-08-28 15:35:36,755] INFO [ExpirationReaper-0-DeleteRecords]: Starting (kafka.server.DelayedOperationPurgatory$ExpiredOperationReaper)
[2022-08-28 15:35:36,756] INFO [ExpirationReaper-0-ElectLeader]: Starting (kafka.server.DelayedOperationPurgatory$ExpiredOperationReaper)
[2022-08-28 15:35:36,763] INFO [LogDirFailureHandler]: Starting (kafka.server.ReplicaManager$LogDirFailureHandler)
[2022-08-28 15:35:36,771] INFO Creating /brokers/ids/0 (is it secure? false) (kafka.zk.KafkaZkClient)
[2022-08-28 15:35:36,802] INFO Stat of the created znode at /brokers/ids/0 is: 25,25,1661668536777,1661668536777,1,0,0,72058214831947776,202,0,25
 (kafka.zk.KafkaZkClient)
[2022-08-28 15:35:36,803] INFO Registered broker 0 at path /brokers/ids/0 with addresses: PLAINTEXT://localhost:9092, czxid (broker epoch): 25 (kafka.zk.KafkaZkClient)
[2022-08-28 15:35:36,856] INFO [ExpirationReaper-0-topic]: Starting (kafka.server.DelayedOperationPurgatory$ExpiredOperationReaper)
[2022-08-28 15:35:36,858] INFO [ExpirationReaper-0-Heartbeat]: Starting (kafka.server.DelayedOperationPurgatory$ExpiredOperationReaper)
[2022-08-28 15:35:36,859] INFO [ExpirationReaper-0-Rebalance]: Starting (kafka.server.DelayedOperationPurgatory$ExpiredOperationReaper)
[2022-08-28 15:35:36,867] INFO [GroupCoordinator 0]: Starting up. (kafka.coordinator.group.GroupCoordinator)
[2022-08-28 15:35:36,879] INFO Successfully created /controller_epoch with initial epoch 0 (kafka.zk.KafkaZkClient)
[2022-08-28 15:35:36,881] INFO [GroupCoordinator 0]: Startup complete. (kafka.coordinator.group.GroupCoordinator)
[2022-08-28 15:35:36,889] INFO [TransactionCoordinator id=0] Starting up. (kafka.coordinator.transaction.TransactionCoordinator)
[2022-08-28 15:35:36,901] INFO [TransactionCoordinator id=0] Startup complete. (kafka.coordinator.transaction.TransactionCoordinator)
[2022-08-28 15:35:36,901] INFO [Transaction Marker Channel Manager 0]: Starting (kafka.coordinator.transaction.TransactionMarkerChannelManager)
[2022-08-28 15:35:36,918] INFO [ExpirationReaper-0-AlterAcls]: Starting (kafka.server.DelayedOperationPurgatory$ExpiredOperationReaper)
[2022-08-28 15:35:36,922] INFO Feature ZK node created at path: /feature (kafka.server.FinalizedFeatureChangeListener)
[2022-08-28 15:35:36,927] INFO [/config/changes-event-process-thread]: Starting (kafka.common.ZkNodeChangeNotificationListener$ChangeEventProcessThread)
[2022-08-28 15:35:36,932] INFO [SocketServer listenerType=ZK_BROKER, nodeId=0] Starting socket server acceptors and processors (kafka.network.SocketServer)
[2022-08-28 15:35:36,934] INFO [SocketServer listenerType=ZK_BROKER, nodeId=0] Started data-plane acceptor and processor(s) for endpoint : ListenerName(PLAINTEXT) (kafka.network.SocketServer)
[2022-08-28 15:35:36,935] INFO [SocketServer listenerType=ZK_BROKER, nodeId=0] Started socket server acceptors and processors (kafka.network.SocketServer)
[2022-08-28 15:35:36,937] INFO Kafka version: 3.2.1 (org.apache.kafka.common.utils.AppInfoParser)
[2022-08-28 15:35:36,937] INFO Kafka commitId: b172a0a94f4ebb9f (org.apache.kafka.common.utils.AppInfoParser)
[2022-08-28 15:35:36,938] INFO Kafka startTimeMs: 1661668536935 (org.apache.kafka.common.utils.AppInfoParser)
[2022-08-28 15:35:36,938] INFO Updated cache from existing <empty> to latest FinalizedFeaturesAndEpoch(features=Features{}, epoch=0). (kafka.server.FinalizedFeatureCache)
[2022-08-28 15:35:36,938] INFO [KafkaServer id=0] started (kafka.server.KafkaServer)
[2022-08-28 15:35:37,043] INFO [BrokerToControllerChannelManager broker=0 name=forwarding]: Recorded new controller, from now on will use broker localhost:9092 (id: 0 rack: null) (kafka.server.BrokerToControllerRequestThread)
[2022-08-28 15:35:37,046] INFO [BrokerToControllerChannelManager broker=0 name=alterPartition]: Recorded new controller, from now on will use broker localhost:9092 (id: 0 rack: null) (kafka.server.BrokerToControllerRequestThread)
[2022-08-28 15:49:47,958] INFO Terminating process due to signal SIGTERM (org.apache.kafka.common.utils.LoggingSignalHandler)
[2022-08-28 15:49:47,959] INFO [KafkaServer id=0] shutting down (kafka.server.KafkaServer)
[2022-08-28 15:49:47,959] INFO [KafkaServer id=0] Starting controlled shutdown (kafka.server.KafkaServer)
[2022-08-28 15:49:47,969] INFO [KafkaServer id=0] Controlled shutdown request returned successfully after 6ms (kafka.server.KafkaServer)
[2022-08-28 15:49:47,972] INFO [/config/changes-event-process-thread]: Shutting down (kafka.common.ZkNodeChangeNotificationListener$ChangeEventProcessThread)
[2022-08-28 15:49:47,972] INFO [/config/changes-event-process-thread]: Shutdown completed (kafka.common.ZkNodeChangeNotificationListener$ChangeEventProcessThread)
[2022-08-28 15:49:47,972] INFO [/config/changes-event-process-thread]: Stopped (kafka.common.ZkNodeChangeNotificationListener$ChangeEventProcessThread)
[2022-08-28 15:49:47,972] INFO [SocketServer listenerType=ZK_BROKER, nodeId=0] Stopping socket server request processors (kafka.network.SocketServer)
[2022-08-28 15:49:47,976] INFO [SocketServer listenerType=ZK_BROKER, nodeId=0] Stopped socket server request processors (kafka.network.SocketServer)
[2022-08-28 15:49:47,976] INFO [data-plane Kafka Request Handler on Broker 0], shutting down (kafka.server.KafkaRequestHandlerPool)
[2022-08-28 15:49:47,977] INFO [data-plane Kafka Request Handler on Broker 0], shut down completely (kafka.server.KafkaRequestHandlerPool)
[2022-08-28 15:49:47,979] INFO [ExpirationReaper-0-AlterAcls]: Shutting down (kafka.server.DelayedOperationPurgatory$ExpiredOperationReaper)
[2022-08-28 15:49:47,980] INFO [ExpirationReaper-0-AlterAcls]: Stopped (kafka.server.DelayedOperationPurgatory$ExpiredOperationReaper)
[2022-08-28 15:49:47,980] INFO [ExpirationReaper-0-AlterAcls]: Shutdown completed (kafka.server.DelayedOperationPurgatory$ExpiredOperationReaper)
[2022-08-28 15:49:47,981] INFO [KafkaApi-0] Shutdown complete. (kafka.server.KafkaApis)
[2022-08-28 15:49:47,981] INFO [ExpirationReaper-0-topic]: Shutting down (kafka.server.DelayedOperationPurgatory$ExpiredOperationReaper)
[2022-08-28 15:49:47,982] INFO [ExpirationReaper-0-topic]: Stopped (kafka.server.DelayedOperationPurgatory$ExpiredOperationReaper)
[2022-08-28 15:49:47,982] INFO [ExpirationReaper-0-topic]: Shutdown completed (kafka.server.DelayedOperationPurgatory$ExpiredOperationReaper)
[2022-08-28 15:49:47,982] INFO [TransactionCoordinator id=0] Shutting down. (kafka.coordinator.transaction.TransactionCoordinator)
[2022-08-28 15:49:47,983] INFO [Transaction State Manager 0]: Shutdown complete (kafka.coordinator.transaction.TransactionStateManager)
[2022-08-28 15:49:47,983] INFO [Transaction Marker Channel Manager 0]: Shutting down (kafka.coordinator.transaction.TransactionMarkerChannelManager)
[2022-08-28 15:49:47,984] INFO [Transaction Marker Channel Manager 0]: Stopped (kafka.coordinator.transaction.TransactionMarkerChannelManager)
[2022-08-28 15:49:47,984] INFO [Transaction Marker Channel Manager 0]: Shutdown completed (kafka.coordinator.transaction.TransactionMarkerChannelManager)
[2022-08-28 15:49:47,984] INFO [TransactionCoordinator id=0] Shutdown complete. (kafka.coordinator.transaction.TransactionCoordinator)
[2022-08-28 15:49:47,984] INFO [GroupCoordinator 0]: Shutting down. (kafka.coordinator.group.GroupCoordinator)
[2022-08-28 15:49:47,985] INFO [ExpirationReaper-0-Heartbeat]: Shutting down (kafka.server.DelayedOperationPurgatory$ExpiredOperationReaper)
[2022-08-28 15:49:47,985] INFO [ExpirationReaper-0-Heartbeat]: Stopped (kafka.server.DelayedOperationPurgatory$ExpiredOperationReaper)
[2022-08-28 15:49:47,985] INFO [ExpirationReaper-0-Heartbeat]: Shutdown completed (kafka.server.DelayedOperationPurgatory$ExpiredOperationReaper)
[2022-08-28 15:49:47,985] INFO [ExpirationReaper-0-Rebalance]: Shutting down (kafka.server.DelayedOperationPurgatory$ExpiredOperationReaper)
[2022-08-28 15:49:47,986] INFO [ExpirationReaper-0-Rebalance]: Stopped (kafka.server.DelayedOperationPurgatory$ExpiredOperationReaper)
[2022-08-28 15:49:47,986] INFO [ExpirationReaper-0-Rebalance]: Shutdown completed (kafka.server.DelayedOperationPurgatory$ExpiredOperationReaper)
[2022-08-28 15:49:47,986] INFO [GroupCoordinator 0]: Shutdown complete. (kafka.coordinator.group.GroupCoordinator)
[2022-08-28 15:49:47,987] INFO [ReplicaManager broker=0] Shutting down (kafka.server.ReplicaManager)
[2022-08-28 15:49:47,987] INFO [LogDirFailureHandler]: Shutting down (kafka.server.ReplicaManager$LogDirFailureHandler)
[2022-08-28 15:49:47,987] INFO [LogDirFailureHandler]: Shutdown completed (kafka.server.ReplicaManager$LogDirFailureHandler)
[2022-08-28 15:49:47,987] INFO [LogDirFailureHandler]: Stopped (kafka.server.ReplicaManager$LogDirFailureHandler)
[2022-08-28 15:49:47,987] INFO [ReplicaFetcherManager on broker 0] shutting down (kafka.server.ReplicaFetcherManager)
[2022-08-28 15:49:47,988] INFO [ReplicaFetcherManager on broker 0] shutdown completed (kafka.server.ReplicaFetcherManager)
[2022-08-28 15:49:47,988] INFO [ReplicaAlterLogDirsManager on broker 0] shutting down (kafka.server.ReplicaAlterLogDirsManager)
[2022-08-28 15:49:47,988] INFO [ReplicaAlterLogDirsManager on broker 0] shutdown completed (kafka.server.ReplicaAlterLogDirsManager)
[2022-08-28 15:49:47,988] INFO [ExpirationReaper-0-Fetch]: Shutting down (kafka.server.DelayedOperationPurgatory$ExpiredOperationReaper)
[2022-08-28 15:49:47,988] INFO [ExpirationReaper-0-Fetch]: Stopped (kafka.server.DelayedOperationPurgatory$ExpiredOperationReaper)
[2022-08-28 15:49:47,988] INFO [ExpirationReaper-0-Fetch]: Shutdown completed (kafka.server.DelayedOperationPurgatory$ExpiredOperationReaper)
[2022-08-28 15:49:47,989] INFO [ExpirationReaper-0-Produce]: Shutting down (kafka.server.DelayedOperationPurgatory$ExpiredOperationReaper)
[2022-08-28 15:49:47,989] INFO [ExpirationReaper-0-Produce]: Stopped (kafka.server.DelayedOperationPurgatory$ExpiredOperationReaper)
[2022-08-28 15:49:47,989] INFO [ExpirationReaper-0-Produce]: Shutdown completed (kafka.server.DelayedOperationPurgatory$ExpiredOperationReaper)
[2022-08-28 15:49:47,989] INFO [ExpirationReaper-0-DeleteRecords]: Shutting down (kafka.server.DelayedOperationPurgatory$ExpiredOperationReaper)
[2022-08-28 15:49:47,990] INFO [ExpirationReaper-0-DeleteRecords]: Stopped (kafka.server.DelayedOperationPurgatory$ExpiredOperationReaper)
[2022-08-28 15:49:47,990] INFO [ExpirationReaper-0-DeleteRecords]: Shutdown completed (kafka.server.DelayedOperationPurgatory$ExpiredOperationReaper)
[2022-08-28 15:49:47,990] INFO [ExpirationReaper-0-ElectLeader]: Shutting down (kafka.server.DelayedOperationPurgatory$ExpiredOperationReaper)
[2022-08-28 15:49:47,990] INFO [ExpirationReaper-0-ElectLeader]: Stopped (kafka.server.DelayedOperationPurgatory$ExpiredOperationReaper)
[2022-08-28 15:49:47,990] INFO [ExpirationReaper-0-ElectLeader]: Shutdown completed (kafka.server.DelayedOperationPurgatory$ExpiredOperationReaper)
[2022-08-28 15:49:47,993] INFO [ReplicaManager broker=0] Shut down completely (kafka.server.ReplicaManager)
[2022-08-28 15:49:47,993] INFO [BrokerToControllerChannelManager broker=0 name=alterPartition]: Shutting down (kafka.server.BrokerToControllerRequestThread)
[2022-08-28 15:49:47,993] INFO [BrokerToControllerChannelManager broker=0 name=alterPartition]: Stopped (kafka.server.BrokerToControllerRequestThread)
[2022-08-28 15:49:47,993] INFO [BrokerToControllerChannelManager broker=0 name=alterPartition]: Shutdown completed (kafka.server.BrokerToControllerRequestThread)
[2022-08-28 15:49:47,994] INFO Broker to controller channel manager for alterPartition shutdown (kafka.server.BrokerToControllerChannelManagerImpl)
[2022-08-28 15:49:47,994] INFO [BrokerToControllerChannelManager broker=0 name=forwarding]: Shutting down (kafka.server.BrokerToControllerRequestThread)
[2022-08-28 15:49:47,995] INFO [BrokerToControllerChannelManager broker=0 name=forwarding]: Stopped (kafka.server.BrokerToControllerRequestThread)
[2022-08-28 15:49:47,995] INFO [BrokerToControllerChannelManager broker=0 name=forwarding]: Shutdown completed (kafka.server.BrokerToControllerRequestThread)
[2022-08-28 15:49:47,995] INFO Broker to controller channel manager for forwarding shutdown (kafka.server.BrokerToControllerChannelManagerImpl)
[2022-08-28 15:49:47,995] INFO Shutting down. (kafka.log.LogManager)
[2022-08-28 15:49:48,050] INFO Shutdown complete. (kafka.log.LogManager)
[2022-08-28 15:49:48,053] INFO [feature-zk-node-event-process-thread]: Shutting down (kafka.server.FinalizedFeatureChangeListener$ChangeNotificationProcessorThread)
[2022-08-28 15:49:48,053] INFO [feature-zk-node-event-process-thread]: Stopped (kafka.server.FinalizedFeatureChangeListener$ChangeNotificationProcessorThread)
[2022-08-28 15:49:48,054] INFO [feature-zk-node-event-process-thread]: Shutdown completed (kafka.server.FinalizedFeatureChangeListener$ChangeNotificationProcessorThread)
[2022-08-28 15:49:48,054] INFO [ZooKeeperClient Kafka server] Closing. (kafka.zookeeper.ZooKeeperClient)
[2022-08-28 15:49:48,177] INFO Session: 0x10000908a350000 closed (org.apache.zookeeper.ZooKeeper)
[2022-08-28 15:49:48,177] INFO EventThread shut down for session: 0x10000908a350000 (org.apache.zookeeper.ClientCnxn)
[2022-08-28 15:49:48,179] INFO [ZooKeeperClient Kafka server] Closed. (kafka.zookeeper.ZooKeeperClient)
[2022-08-28 15:49:48,180] INFO [ThrottledChannelReaper-Fetch]: Shutting down (kafka.server.ClientQuotaManager$ThrottledChannelReaper)
[2022-08-28 15:49:48,182] INFO [ThrottledChannelReaper-Fetch]: Stopped (kafka.server.ClientQuotaManager$ThrottledChannelReaper)
[2022-08-28 15:49:48,182] INFO [ThrottledChannelReaper-Fetch]: Shutdown completed (kafka.server.ClientQuotaManager$ThrottledChannelReaper)
[2022-08-28 15:49:48,182] INFO [ThrottledChannelReaper-Produce]: Shutting down (kafka.server.ClientQuotaManager$ThrottledChannelReaper)
[2022-08-28 15:49:48,182] INFO [ThrottledChannelReaper-Produce]: Stopped (kafka.server.ClientQuotaManager$ThrottledChannelReaper)
[2022-08-28 15:49:48,182] INFO [ThrottledChannelReaper-Produce]: Shutdown completed (kafka.server.ClientQuotaManager$ThrottledChannelReaper)
[2022-08-28 15:49:48,182] INFO [ThrottledChannelReaper-Request]: Shutting down (kafka.server.ClientQuotaManager$ThrottledChannelReaper)
[2022-08-28 15:49:48,182] INFO [ThrottledChannelReaper-Request]: Stopped (kafka.server.ClientQuotaManager$ThrottledChannelReaper)
[2022-08-28 15:49:48,182] INFO [ThrottledChannelReaper-Request]: Shutdown completed (kafka.server.ClientQuotaManager$ThrottledChannelReaper)
[2022-08-28 15:49:48,182] INFO [ThrottledChannelReaper-ControllerMutation]: Shutting down (kafka.server.ClientQuotaManager$ThrottledChannelReaper)
[2022-08-28 15:49:48,182] INFO [ThrottledChannelReaper-ControllerMutation]: Stopped (kafka.server.ClientQuotaManager$ThrottledChannelReaper)
[2022-08-28 15:49:48,182] INFO [ThrottledChannelReaper-ControllerMutation]: Shutdown completed (kafka.server.ClientQuotaManager$ThrottledChannelReaper)
[2022-08-28 15:49:48,183] INFO [SocketServer listenerType=ZK_BROKER, nodeId=0] Shutting down socket server (kafka.network.SocketServer)
[2022-08-28 15:49:48,199] INFO [SocketServer listenerType=ZK_BROKER, nodeId=0] Shutdown completed (kafka.network.SocketServer)
[2022-08-28 15:49:48,199] INFO Metrics scheduler closed (org.apache.kafka.common.metrics.Metrics)
[2022-08-28 15:49:48,199] INFO Closing reporter org.apache.kafka.common.metrics.JmxReporter (org.apache.kafka.common.metrics.Metrics)
[2022-08-28 15:49:48,200] INFO Metrics reporters closed (org.apache.kafka.common.metrics.Metrics)
[2022-08-28 15:49:48,200] INFO Broker and topic stats closed (kafka.server.BrokerTopicStats)
[2022-08-28 15:49:48,200] INFO App info kafka.server for 0 unregistered (org.apache.kafka.common.utils.AppInfoParser)
[2022-08-28 15:49:48,201] INFO [KafkaServer id=0] shut down completed (kafka.server.KafkaServer)
